<?xml version="1.0" encoding="UTF-8"?>
<!-- Generated by org.testng.reporters.JUnitReportReporter -->
<testsuite hostname="LAPTOP-678OGQJ2" failures="0" tests="1" name="testRunner.TestRunnerTG" time="637.114" errors="0" timestamp="1 Dec 2020 15:26:58 GMT">
  <testcase classname="testRunner.TestRunnerTG" name="feature" time="637.114"/>
</testsuite> <!-- testRunner.TestRunnerTG -->
